<?xml version="1.0" encoding="UTF-8"?>
<!-- Generated by org.testng.reporters.JUnitReportReporter -->
<testsuite skipped="0" hostname="HVDIVD27GA41104" name="Application.LoginApplication" tests="1" failures="0" timestamp="04 Jul 2019 21:36:45 GMT" time="25.637" errors="0">
  <testcase name="Login" time="25.637" classname="Application.LoginApplication"/>
</testsuite> <!-- Application.LoginApplication -->
